<?xml version="1.0" encoding="UTF-8"?>
<!-- Generated by org.testng.reporters.JUnitReportReporter -->
<testsuite hostname="ZXLO812ADU0IFH2" name="com.newtouch.yida.testBing" tests="1" failures="0" timestamp="4 Aug 2017 09:09:24 GMT" time="6.706" errors="0">
  <testcase name="testCase" time="6.706" classname="com.newtouch.yida.testBing"/>
</testsuite> <!-- com.newtouch.yida.testBing -->
