<?xml version="1.0" encoding="UTF-8"?>
<!-- Generated by org.testng.reporters.JUnitReportReporter -->
<testsuite hostname="ZXLO812ADU0IFH2" name="com.newtouch.yida.testLogin" tests="1" failures="0" timestamp="4 Aug 2017 09:09:24 GMT" time="6.283" errors="0">
  <testcase name="testCase" time="6.283" classname="com.newtouch.yida.testLogin"/>
</testsuite> <!-- com.newtouch.yida.testLogin -->
