<?xml version="1.0" encoding="UTF-8"?>
<!-- Generated by org.testng.reporters.JUnitReportReporter -->
<testsuite hostname="ZXLO812ADU0IFH2" name="com.newtouch.yida.testLogin" tests="1" failures="0" timestamp="14 Aug 2017 07:33:35 GMT" time="54.158" errors="0">
  <testcase name="testCase" time="54.158" classname="com.newtouch.yida.testLogin"/>
</testsuite> <!-- com.newtouch.yida.testLogin -->
