<?xml version="1.0" encoding="UTF-8"?>
<!-- Generated by org.testng.reporters.JUnitReportReporter -->
<testsuite hostname="ZXLO812ADU0IFH2" name="com.newtouch.yida.testAddUser" tests="1" failures="0" timestamp="14 Aug 2017 07:33:35 GMT" time="58.795" errors="0">
  <testcase name="testCase" time="58.795" classname="com.newtouch.yida.testAddUser"/>
</testsuite> <!-- com.newtouch.yida.testAddUser -->
