<?xml version="1.0" encoding="UTF-8"?>
<!-- Generated by org.testng.reporters.JUnitReportReporter -->
<testsuite hostname="ZXLO812ADU0IFH2" name="DownloadFiles" tests="1" failures="0" timestamp="11 Aug 2017 07:13:33 GMT" time="27.321" errors="0">
  <testcase name="test" time="27.321" classname="DownloadFiles"/>
</testsuite> <!-- DownloadFiles -->
