<?xml version="1.0" encoding="UTF-8"?>
<!-- Generated by org.testng.reporters.JUnitReportReporter -->
<testsuite hostname="ZXLO812ADU0IFH2" name="com.newtouch.yida.testBaidu" tests="1" failures="0" timestamp="4 Aug 2017 08:33:26 GMT" time="11.065" errors="0">
  <testcase name="testCase" time="11.065" classname="com.newtouch.yida.testBaidu"/>
</testsuite> <!-- com.newtouch.yida.testBaidu -->
