<?xml version="1.0" encoding="UTF-8"?>
<!-- Generated by org.testng.reporters.JUnitReportReporter -->
<testsuite hostname="ZXLO812ADU0IFH2" name="com.newtouch.yida.testAddUser" tests="1" failures="0" timestamp="11 Aug 2017 09:27:16 GMT" time="54.071" errors="0">
  <testcase name="testCase" time="54.071" classname="com.newtouch.yida.testAddUser"/>
</testsuite> <!-- com.newtouch.yida.testAddUser -->
