<?xml version="1.0" encoding="UTF-8"?>
<!-- Generated by org.testng.reporters.JUnitReportReporter -->
<testsuite hostname="ZXLO812ADU0IFH2" name="com.newtouch.yida.testMemberExport" tests="1" failures="0" timestamp="14 Aug 2017 05:38:00 GMT" time="43.903" errors="0">
  <testcase name="testCase" time="43.903" classname="com.newtouch.yida.testMemberExport"/>
</testsuite> <!-- com.newtouch.yida.testMemberExport -->
